Namespace(BATCH=32, DROP_RATE=0.1, D_F=320, D_K=32, D_MODEL=160, D_V=32, EMBED_WS=False, EXTS='src-trg', LINEAR_WS=True, N_HEAD=5, N_LAYER=3, RETURN_ATTN=False, SAVE_MODEL=True, SAVE_PATH='./model/transfomer', SMOOTHING=False, STEP=3, TRAIN_PATH='../../data/translation/de_en_small.txt', USE_CONV=False, USE_CUDA=True, VALID_PATH='../../data/translation/de_en_small_valid.txt', WARMUP=4000)
----------------------------------------
 > [0/1563] loss_per_batch: 33603.4102
 > [312/1563] loss_per_batch: 134.5941
 > [624/1563] loss_per_batch: 0.6541
 > [936/1563] loss_per_batch: 0.1104
 > [1248/1563] loss_per_batch: 0.0188
 > [1560/1563] loss_per_batch: 0.0283
[1/3] train: 3346.1317, valid: 0.0008 

****** model saved updated! ******
----------------------------------------
 > [0/1563] loss_per_batch: 0.0573
 > [312/1563] loss_per_batch: 12.3881
 > [624/1563] loss_per_batch: 0.0002
 > [936/1563] loss_per_batch: 0.0004
 > [1248/1563] loss_per_batch: 0.0042
 > [1560/1563] loss_per_batch: 0.0002
[2/3] train: 1.2670, valid: 0.0001 

****** model saved updated! ******
----------------------------------------
 > [0/1563] loss_per_batch: 1.2815
 > [312/1563] loss_per_batch: 0.0003
 > [624/1563] loss_per_batch: 1.1795
 > [936/1563] loss_per_batch: 0.8491
 > [1248/1563] loss_per_batch: 0.0000
 > [1560/1563] loss_per_batch: 0.0000
[3/3] train: 0.6681, valid: 0.0005 

****** model saved updated! ******

Training Excution time with validation: 0 h 29 m 21.2183 s
