Namespace(BATCH=1024, EMBED=300, EVAL_EVERY=1, K=10, LR=0.001, N_WORDS=10000000, PATH='../../data/wiki/enwik9_text', SAVE_PATH='./model/word2vec_wiki.model', STEP=20, WINDOW_SIZE=2, Z=1e-05)
number of total pair datasets 39999994
total unique words: 189074, number of words in unigram-distribution 18159603
[1/20] loss 0.6272
[2/20] loss 0.5383
[3/20] loss 0.4831
[4/20] loss 0.4408
[5/20] loss 0.4103
[6/20] loss 0.3882
[7/20] loss 0.3724
[8/20] loss 0.3605
[9/20] loss 0.3514
[10/20] loss 0.3451
[11/20] loss 0.3398
[12/20] loss 0.3357
[13/20] loss 0.3327
[14/20] loss 0.3303
[15/20] loss 0.3282
[16/20] loss 0.3267
[17/20] loss 0.3256
[18/20] loss 0.3247
[19/20] loss 0.3245
[20/20] loss 0.3242
Training Excution time with validation: 1186 m 21.7360 s
