Namespace(BATCH=32, DROP_RATE=0.1, D_F=2048, D_K=64, D_MODEL=512, D_V=64, EMBED_WS=False, EMPTY_CUDA_MEMORY=True, EOS='</s>', EPS=0.1, EXTS='src-trg', LINEAR_WS=True, N_HEAD=8, N_LAYER=6, RETURN_ATTN=False, SAVE_BEST=True, SAVE_MODEL=True, SAVE_PATH='./model/enfa2.chkpt', SOS='<s>', STEP=10, THRES=0.999, TRAIN_PATH='../../data/translation/en_fa2.train', USE_CONV=False, USE_CUDA=True, VALID_PATH='../../data/translation/en_fa2.valid', WARMUP=4000)
----------------------------------------
 > [0/1250] loss_per_batch: 35.2231
 > [250/1250] loss_per_batch: 12.1364
 > [500/1250] loss_per_batch: 7.9756
 > [750/1250] loss_per_batch: 5.5194
 > [1000/1250] loss_per_batch: 4.0900
[1/10] (train) loss 8.9965, acc 0.7803 | (valid) loss 2.3941, acc 0.9968 

****** model saved updated! ******
----------------------------------------
 > [0/1250] loss_per_batch: 2.4822
 > [250/1250] loss_per_batch: 1.7397
 > [500/1250] loss_per_batch: 1.4305
 > [750/1250] loss_per_batch: 1.0781
 > [1000/1250] loss_per_batch: 0.7549
[2/10] (train) loss 1.2820, acc 0.9520 | (valid) loss 0.3484, acc 0.9983 

****** model saved updated! ******
----------------------------------------
 > [0/1250] loss_per_batch: 0.5165
 > [250/1250] loss_per_batch: 0.4262
 > [500/1250] loss_per_batch: 0.3116
 > [750/1250] loss_per_batch: 0.2454
 > [1000/1250] loss_per_batch: 0.1536
[3/10] (train) loss 0.2998, acc 0.9976 | (valid) loss 0.0712, acc 1.0000 

****** model saved updated! ******
****** early break!! ******

Training Excution time with validation: 0 h 9 m 49.7563 s
